<?xml version="1.0" encoding="UTF-8" ?>
<testsuite tests="3" failures="1" name="TestSuite" time="9.276" errors="0" skipped="0">
  <properties>
[...]
</properties>
  <testcase classname="com.automation.tests.Tests" name="jsTest" time="8.622">
    <failure type="java.lang.AssertionError:">java.lang.AssertionError: null
	at org.testng.Assert.fail(Assert.java:96)
	at org.testng.Assert.fail(Assert.java:103)
	at com.automation.tests.Tests.jsTest(Tests.java:86)
</failure>
    <system-out>[TestNGContentHandler] [WARN] It is strongly recommended to add &quot;&lt;!DOCTYPE suite SYSTEM &quot;http://testng.org/testng-1.0.dtd&quot; &gt;&quot; at the top of your file, otherwise TestNG may fail or not work as expected.
Test started
</system-out>
    <system-err>1534709377759	geckodriver	INFO	geckodriver 0.20.1
1534709377781	geckodriver	INFO	Listening on 127.0.0.1:9576
1534709378948	mozrunner::runner	INFO	Running command: &quot;C:\\Program Files\\Mozilla Firefox\\firefox.exe&quot; &quot;-marionette&quot; &quot;-profile&quot; &quot;C:\\Users\\he300\\AppData\\Local\\Temp\\rust_mozprofile.Wrv12OmZaXRh&quot;
Unable to read VR Path Registry from C:\Users\he300\AppData\Local\openvr\openvrpaths.vrpath
Unable to read VR Path Registry from C:\Users\he300\AppData\Local\openvr\openvrpaths.vrpath
Unable to read VR Path Registry from C:\Users\he300\AppData\Local\openvr\openvrpaths.vrpath
Unable to read VR Path Registry from C:\Users\he300\AppData\Local\openvr\openvrpaths.vrpath
Unable to read VR Path Registry from C:\Users\he300\AppData\Local\openvr\openvrpaths.vrpath
1534709384525	Marionette	INFO	Listening on port 55533
1534709384697	Marionette	WARN	TLS certificate errors will be ignored for this session
��� 19, 2018 11:09:44 PM org.openqa.selenium.remote.ProtocolHandshake createSession
INFO: Detected dialect: W3C
</system-err>
  </testcase>
  <testcase classname="com.automation.tests.Tests" name="searchFieldTest" time="0.346"/>
  <testcase classname="com.automation.tests.Tests" name="searchFieldTest" time="0.308"/>
</testsuite>